C:\USERS\CRAMAN\DOCUMENTS\VISUAL STUDIO 2010\PROJECTS\BVW_COLOUR_DETECTION\BVW_COLOUR_DETECTION\DEBUG\BVW_COLOUR_DETECTION.EXE.EMBED.MANIFEST
C:\USERS\CRAMAN\DOCUMENTS\VISUAL STUDIO 2010\PROJECTS\BVW_COLOUR_DETECTION\BVW_COLOUR_DETECTION\DEBUG\BVW_COLOUR_DETECTION.EXE.EMBED.MANIFEST.RES
C:\USERS\CRAMAN\DOCUMENTS\VISUAL STUDIO 2010\PROJECTS\BVW_COLOUR_DETECTION\BVW_COLOUR_DETECTION\DEBUG\BVW_COLOUR_DETECTION.EXE.INTERMEDIATE.MANIFEST
C:\USERS\CRAMAN\DOCUMENTS\VISUAL STUDIO 2010\PROJECTS\BVW_COLOUR_DETECTION\BVW_COLOUR_DETECTION\DEBUG\BVW_COLOUR_DETECTION.PCH
C:\Users\craman\Documents\Visual Studio 2010\Projects\BVW_Colour_Detection\BVW_Colour_Detection\Debug\BVW_Colour_Detection_manifest.rc
C:\Users\craman\Documents\Visual Studio 2010\Projects\BVW_Colour_Detection\BVW_Colour_Detection\Debug\cl.command.1.tlog
C:\Users\craman\Documents\Visual Studio 2010\Projects\BVW_Colour_Detection\BVW_Colour_Detection\Debug\CL.read.1.tlog
C:\Users\craman\Documents\Visual Studio 2010\Projects\BVW_Colour_Detection\BVW_Colour_Detection\Debug\CL.write.1.tlog
C:\Users\craman\Documents\Visual Studio 2010\Projects\BVW_Colour_Detection\BVW_Colour_Detection\Debug\link.8484.read.1.tlog
C:\Users\craman\Documents\Visual Studio 2010\Projects\BVW_Colour_Detection\BVW_Colour_Detection\Debug\link.8484.write.1.tlog
C:\Users\craman\Documents\Visual Studio 2010\Projects\BVW_Colour_Detection\BVW_Colour_Detection\Debug\link.8484-cvtres.read.1.tlog
C:\Users\craman\Documents\Visual Studio 2010\Projects\BVW_Colour_Detection\BVW_Colour_Detection\Debug\link.8484-cvtres.write.1.tlog
C:\Users\craman\Documents\Visual Studio 2010\Projects\BVW_Colour_Detection\BVW_Colour_Detection\Debug\link.8772.read.1.tlog
C:\Users\craman\Documents\Visual Studio 2010\Projects\BVW_Colour_Detection\BVW_Colour_Detection\Debug\link.8772.write.1.tlog
C:\Users\craman\Documents\Visual Studio 2010\Projects\BVW_Colour_Detection\BVW_Colour_Detection\Debug\link.8772-cvtres.read.1.tlog
C:\Users\craman\Documents\Visual Studio 2010\Projects\BVW_Colour_Detection\BVW_Colour_Detection\Debug\link.8772-cvtres.write.1.tlog
C:\Users\craman\Documents\Visual Studio 2010\Projects\BVW_Colour_Detection\BVW_Colour_Detection\Debug\link.command.1.tlog
C:\Users\craman\Documents\Visual Studio 2010\Projects\BVW_Colour_Detection\BVW_Colour_Detection\Debug\link.read.1.tlog
C:\Users\craman\Documents\Visual Studio 2010\Projects\BVW_Colour_Detection\BVW_Colour_Detection\Debug\link.write.1.tlog
C:\Users\craman\Documents\Visual Studio 2010\Projects\BVW_Colour_Detection\BVW_Colour_Detection\Debug\link-cvtres.read.1.tlog
C:\Users\craman\Documents\Visual Studio 2010\Projects\BVW_Colour_Detection\BVW_Colour_Detection\Debug\link-cvtres.write.1.tlog
C:\Users\craman\Documents\Visual Studio 2010\Projects\BVW_Colour_Detection\BVW_Colour_Detection\Debug\mt.command.1.tlog
C:\Users\craman\Documents\Visual Studio 2010\Projects\BVW_Colour_Detection\BVW_Colour_Detection\Debug\mt.read.1.tlog
C:\Users\craman\Documents\Visual Studio 2010\Projects\BVW_Colour_Detection\BVW_Colour_Detection\Debug\mt.write.1.tlog
C:\Users\craman\Documents\Visual Studio 2010\Projects\BVW_Colour_Detection\BVW_Colour_Detection\Debug\rc.command.1.tlog
C:\Users\craman\Documents\Visual Studio 2010\Projects\BVW_Colour_Detection\BVW_Colour_Detection\Debug\rc.read.1.tlog
C:\Users\craman\Documents\Visual Studio 2010\Projects\BVW_Colour_Detection\BVW_Colour_Detection\Debug\rc.write.1.tlog
C:\USERS\CRAMAN\DOCUMENTS\VISUAL STUDIO 2010\PROJECTS\BVW_COLOUR_DETECTION\BVW_COLOUR_DETECTION\DEBUG\STDAFX.OBJ
C:\Users\craman\Documents\Visual Studio 2010\Projects\BVW_Colour_Detection\BVW_Colour_Detection\Debug\vc100.idb
C:\USERS\CRAMAN\DOCUMENTS\VISUAL STUDIO 2010\PROJECTS\BVW_COLOUR_DETECTION\BVW_COLOUR_DETECTION\DEBUG\VC100.PDB
C:\USERS\CRAMAN\DOCUMENTS\VISUAL STUDIO 2010\PROJECTS\BVW_COLOUR_DETECTION\DEBUG\BVW_COLOUR_DETECTION.EXE
C:\USERS\CRAMAN\DOCUMENTS\VISUAL STUDIO 2010\PROJECTS\BVW_COLOUR_DETECTION\DEBUG\BVW_COLOUR_DETECTION.ILK
C:\USERS\CRAMAN\DOCUMENTS\VISUAL STUDIO 2010\PROJECTS\BVW_COLOUR_DETECTION\DEBUG\BVW_COLOUR_DETECTION.PDB
